{
  "RSpec": {
    "coverage": {
      "/Users/yaron/Desktop/pairings/app/helpers/application_helper.rb": [
        1,
        null,
        1,
        null,
        null,
        null
      ],
      "/Users/yaron/Desktop/pairings/app/models/appellation.rb": [
        1,
        null,
        1,
        1,
        null,
        1,
        1,
        null
      ],
      "/Users/yaron/Desktop/pairings/app/models/cheese.rb": [
        1,
        null,
        1,
        1,
        null,
        1,
        null
      ],
      "/Users/yaron/Desktop/pairings/app/models/grape.rb": [
        1,
        null,
        1,
        null,
        1,
        null,
        1,
        1,
        null,
        null
      ],
      "/Users/yaron/Desktop/pairings/app/models/region.rb": [
        1,
        null,
        1,
        1,
        null,
        1,
        null
      ],
      "/Users/yaron/Desktop/pairings/app/models/trait.rb": [
        1,
        null,
        1,
        1,
        null,
        1,
        null
      ],
      "/Users/yaron/Desktop/pairings/app/models/wine.rb": [
        1,
        null,
        1,
        1,
        null,
        1,
        1,
        null,
        1,
        null,
        1,
        1,
        1,
        1,
        null,
        1,
        null,
        1,
        1,
        null,
        null,
        1,
        0,
        null,
        null,
        null
      ],
      "/Users/yaron/Desktop/pairings/app/models/winery.rb": [
        1,
        null,
        1,
        null,
        1,
        1,
        null,
        1,
        1,
        1,
        null,
        1,
        1,
        null,
        null
      ]
    },
    "timestamp": 1399086241
  }
}
